2026-04-01 19:13:27 | INFO | CI | === RUN START ===
2026-04-01 19:13:27 | INFO | CI | project=MODULE 4: EVTL PIPELINE
2026-04-01 19:13:27 | INFO | CI | repo_dir=nlp-04-api-text-data
2026-04-01 19:13:27 | INFO | CI | python=3.14.2
2026-04-01 19:13:27 | INFO | CI | os=Windows 10
2026-04-01 19:13:27 | INFO | CI | shell=powershell
2026-04-01 19:13:27 | INFO | CI | cwd=.
2026-04-01 19:13:27 | INFO | CI | github_actions=False
2026-04-01 19:13:27 | INFO | CI | START PIPELINE
2026-04-01 19:13:27 | INFO | CI | ROOT_PATH = .
2026-04-01 19:13:27 | INFO | CI | DATA_PATH = data
2026-04-01 19:13:27 | INFO | CI | RAW_PATH = data\raw
2026-04-01 19:13:27 | INFO | CI | PROCESSED_PATH = data\processed
2026-04-01 19:13:27 | INFO | CI | ========================
2026-04-01 19:13:27 | INFO | CI | STAGE 01: EXTRACT starting... 
2026-04-01 19:13:27 | INFO | CI | ========================
2026-04-01 19:13:27 | INFO | CI | SOURCE PATH = https://jsonplaceholder.typicode.com/posts
2026-04-01 19:13:27 | INFO | CI | SINK PATH = data\raw\case_raw.json
2026-04-01 19:13:27 | INFO | CI | ========================
2026-04-01 19:13:27 | INFO | CI | STAGE 02: VALIDATE starting...
2026-04-01 19:13:27 | INFO | CI | ========================
2026-04-01 19:13:27 | INFO | CI | JSON STRUCTURE INSPECTION:
2026-04-01 19:13:27 | INFO | CI | Top-level type: list
2026-04-01 19:13:27 | INFO | CI | Keys in first record: ['userId', 'id', 'title', 'body']
2026-04-01 19:13:27 | INFO | CI | Field types:
2026-04-01 19:13:27 | INFO | CI | userId: int
2026-04-01 19:13:27 | INFO | CI | id: int
2026-04-01 19:13:27 | INFO | CI | title: str
2026-04-01 19:13:27 | INFO | CI | body: str
2026-04-01 19:13:27 | INFO | CI | Validation passed.
2026-04-01 19:13:27 | INFO | CI | Sink: validated JSON object
2026-04-01 19:13:27 | INFO | CI | ========================
2026-04-01 19:13:27 | INFO | CI | STAGE 03: TRANSFORM starting...
2026-04-01 19:13:27 | INFO | CI | ========================
2026-04-01 19:13:28 | INFO | CI | Transformation complete.
2026-04-01 19:13:28 | INFO | CI | DataFrame preview:
shape: (5, 6)
┌─────────┬─────────┬───────────────────────────┬──────────────────────────┬──────────────┬─────────────┐
│ user_id ┆ post_id ┆ title                     ┆ body                     ┆ title_length ┆ body_length │
│ ---     ┆ ---     ┆ ---                       ┆ ---                      ┆ ---          ┆ ---         │
│ i64     ┆ i64     ┆ str                       ┆ str                      ┆ u32          ┆ u32         │
╞═════════╪═════════╪═══════════════════════════╪══════════════════════════╪══════════════╪═════════════╡
│ 1       ┆ 1       ┆ sunt aut facere repellat  ┆ quia et suscipit         ┆ 74           ┆ 158         │
│         ┆         ┆ provi…                    ┆ suscipit recu…           ┆              ┆             │
│ 1       ┆ 2       ┆ qui est esse              ┆ est rerum tempore vitae  ┆ 12           ┆ 206         │
│         ┆         ┆                           ┆ sequi …                  ┆              ┆             │
│ 1       ┆ 3       ┆ ea molestias quasi        ┆ et iusto sed quo iure    ┆ 59           ┆ 164         │
│         ┆         ┆ exercitatio…              ┆ voluptat…                ┆              ┆             │
│ 1       ┆ 4       ┆ eum et est occaecati      ┆ ullam et saepe           ┆ 20           ┆ 190         │
│         ┆         ┆                           ┆ reiciendis volu…         ┆              ┆             │
│ 1       ┆ 5       ┆ nesciunt quas odio        ┆ repudiandae veniam       ┆ 18           ┆ 147         │
│         ┆         ┆                           ┆ quaerat sun…             ┆              ┆             │
└─────────┴─────────┴───────────────────────────┴──────────────────────────┴──────────────┴─────────────┘
2026-04-01 19:13:28 | INFO | CI | Sink: Polars DataFrame created
2026-04-01 19:13:28 | INFO | CI | ========================
2026-04-01 19:13:28 | INFO | CI | STAGE 04: LOAD starting...
2026-04-01 19:13:28 | INFO | CI | ========================
2026-04-01 19:13:28 | INFO | CI | SINK PATH = data\processed\case_processed.csv
2026-04-01 19:13:28 | INFO | CI | ========================
2026-04-01 19:13:28 | INFO | CI | Pipeline executed successfully!
2026-04-01 19:13:28 | INFO | CI | ========================
2026-04-05 21:04:56 | INFO | CI | === RUN START ===
2026-04-05 21:04:56 | INFO | CI | project=MODULE 4: EVTL PIPELINE
2026-04-05 21:04:56 | INFO | CI | repo_dir=nlp-04-api-text-data
2026-04-05 21:04:56 | INFO | CI | python=3.14.2
2026-04-05 21:04:56 | INFO | CI | os=Windows 10
2026-04-05 21:04:56 | INFO | CI | shell=powershell
2026-04-05 21:04:56 | INFO | CI | cwd=.
2026-04-05 21:04:56 | INFO | CI | github_actions=False
2026-04-05 21:04:56 | INFO | CI | START PIPELINE
2026-04-05 21:04:56 | INFO | CI | ROOT_PATH = .
2026-04-05 21:04:56 | INFO | CI | DATA_PATH = data
2026-04-05 21:04:56 | INFO | CI | RAW_PATH = data\raw
2026-04-05 21:04:56 | INFO | CI | PROCESSED_PATH = data\processed
2026-04-05 21:04:56 | INFO | CI | ========================
2026-04-05 21:04:56 | INFO | CI | STAGE 01: EXTRACT starting... 
2026-04-05 21:04:56 | INFO | CI | ========================
2026-04-05 21:04:57 | INFO | CI | SOURCE PATH = https://jsonplaceholder.typicode.com/posts
2026-04-05 21:04:57 | INFO | CI | SINK PATH = data\raw\case_raw.json
2026-04-05 21:04:57 | INFO | CI | ========================
2026-04-05 21:04:57 | INFO | CI | STAGE 02: VALIDATE starting...
2026-04-05 21:04:57 | INFO | CI | ========================
2026-04-05 21:04:57 | INFO | CI | JSON STRUCTURE INSPECTION:
2026-04-05 21:04:57 | INFO | CI | Top-level type: list
2026-04-05 21:04:57 | INFO | CI | Keys in first record: ['userId', 'id', 'title', 'body']
2026-04-05 21:04:57 | INFO | CI | Field types:
2026-04-05 21:04:57 | INFO | CI | userId: int
2026-04-05 21:04:57 | INFO | CI | id: int
2026-04-05 21:04:57 | INFO | CI | title: str
2026-04-05 21:04:57 | INFO | CI | body: str
2026-04-05 21:04:57 | INFO | CI | Validation passed.
2026-04-05 21:04:57 | INFO | CI | Sink: validated JSON object
2026-04-05 21:04:57 | INFO | CI | ========================
2026-04-05 21:04:57 | INFO | CI | STAGE 03: TRANSFORM starting...
2026-04-05 21:04:57 | INFO | CI | ========================
2026-04-05 21:05:46 | INFO | CI | === RUN START ===
2026-04-05 21:05:46 | INFO | CI | project=MODULE 4: EVTL PIPELINE
2026-04-05 21:05:46 | INFO | CI | repo_dir=nlp-04-api-text-data
2026-04-05 21:05:46 | INFO | CI | python=3.14.2
2026-04-05 21:05:46 | INFO | CI | os=Windows 10
2026-04-05 21:05:46 | INFO | CI | shell=powershell
2026-04-05 21:05:46 | INFO | CI | cwd=.
2026-04-05 21:05:46 | INFO | CI | github_actions=False
2026-04-05 21:05:46 | INFO | CI | START PIPELINE
2026-04-05 21:05:46 | INFO | CI | ROOT_PATH = .
2026-04-05 21:05:46 | INFO | CI | DATA_PATH = data
2026-04-05 21:05:46 | INFO | CI | RAW_PATH = data\raw
2026-04-05 21:05:46 | INFO | CI | PROCESSED_PATH = data\processed
2026-04-05 21:05:46 | INFO | CI | ========================
2026-04-05 21:05:46 | INFO | CI | STAGE 01: EXTRACT starting... 
2026-04-05 21:05:46 | INFO | CI | ========================
2026-04-05 21:05:46 | INFO | CI | SOURCE PATH = https://jsonplaceholder.typicode.com/posts
2026-04-05 21:05:46 | INFO | CI | SINK PATH = data\raw\case_raw.json
2026-04-05 21:05:46 | INFO | CI | ========================
2026-04-05 21:05:46 | INFO | CI | STAGE 02: VALIDATE starting...
2026-04-05 21:05:46 | INFO | CI | ========================
2026-04-05 21:05:46 | INFO | CI | JSON STRUCTURE INSPECTION:
2026-04-05 21:05:46 | INFO | CI | Top-level type: list
2026-04-05 21:05:46 | INFO | CI | Keys in first record: ['userId', 'id', 'title', 'body']
2026-04-05 21:05:46 | INFO | CI | Field types:
2026-04-05 21:05:46 | INFO | CI | userId: int
2026-04-05 21:05:46 | INFO | CI | id: int
2026-04-05 21:05:46 | INFO | CI | title: str
2026-04-05 21:05:46 | INFO | CI | body: str
2026-04-05 21:05:46 | INFO | CI | Validation passed.
2026-04-05 21:05:46 | INFO | CI | Sink: validated JSON object
2026-04-05 21:05:46 | INFO | CI | ========================
2026-04-05 21:05:46 | INFO | CI | STAGE 03: TRANSFORM starting...
2026-04-05 21:05:46 | INFO | CI | ========================
2026-04-05 21:06:17 | INFO | CI | === RUN START ===
2026-04-05 21:06:17 | INFO | CI | project=MODULE 4: EVTL PIPELINE
2026-04-05 21:06:17 | INFO | CI | repo_dir=nlp-04-api-text-data
2026-04-05 21:06:17 | INFO | CI | python=3.14.2
2026-04-05 21:06:17 | INFO | CI | os=Windows 10
2026-04-05 21:06:17 | INFO | CI | shell=powershell
2026-04-05 21:06:17 | INFO | CI | cwd=.
2026-04-05 21:06:17 | INFO | CI | github_actions=False
2026-04-05 21:06:17 | INFO | CI | START PIPELINE
2026-04-05 21:06:17 | INFO | CI | ROOT_PATH = .
2026-04-05 21:06:17 | INFO | CI | DATA_PATH = data
2026-04-05 21:06:17 | INFO | CI | RAW_PATH = data\raw
2026-04-05 21:06:17 | INFO | CI | PROCESSED_PATH = data\processed
2026-04-05 21:06:17 | INFO | CI | ========================
2026-04-05 21:06:17 | INFO | CI | STAGE 01: EXTRACT starting... 
2026-04-05 21:06:17 | INFO | CI | ========================
2026-04-05 21:06:18 | INFO | CI | SOURCE PATH = https://jsonplaceholder.typicode.com/posts
2026-04-05 21:06:18 | INFO | CI | SINK PATH = data\raw\case_raw.json
2026-04-05 21:06:18 | INFO | CI | ========================
2026-04-05 21:06:18 | INFO | CI | STAGE 02: VALIDATE starting...
2026-04-05 21:06:18 | INFO | CI | ========================
2026-04-05 21:06:18 | INFO | CI | JSON STRUCTURE INSPECTION:
2026-04-05 21:06:18 | INFO | CI | Top-level type: list
2026-04-05 21:06:18 | INFO | CI | Keys in first record: ['userId', 'id', 'title', 'body']
2026-04-05 21:06:18 | INFO | CI | Field types:
2026-04-05 21:06:18 | INFO | CI | userId: int
2026-04-05 21:06:18 | INFO | CI | id: int
2026-04-05 21:06:18 | INFO | CI | title: str
2026-04-05 21:06:18 | INFO | CI | body: str
2026-04-05 21:06:18 | INFO | CI | Validation passed.
2026-04-05 21:06:18 | INFO | CI | Sink: validated JSON object
2026-04-05 21:06:18 | INFO | CI | ========================
2026-04-05 21:06:18 | INFO | CI | STAGE 03: TRANSFORM starting...
2026-04-05 21:06:18 | INFO | CI | ========================
2026-04-05 21:09:23 | INFO | CI | === RUN START ===
2026-04-05 21:09:23 | INFO | CI | project=MODULE 4: EVTL PIPELINE
2026-04-05 21:09:23 | INFO | CI | repo_dir=nlp-04-api-text-data
2026-04-05 21:09:23 | INFO | CI | python=3.14.2
2026-04-05 21:09:23 | INFO | CI | os=Windows 10
2026-04-05 21:09:23 | INFO | CI | shell=powershell
2026-04-05 21:09:23 | INFO | CI | cwd=.
2026-04-05 21:09:23 | INFO | CI | github_actions=False
2026-04-05 21:09:23 | INFO | CI | START PIPELINE
2026-04-05 21:09:23 | INFO | CI | ROOT_PATH = .
2026-04-05 21:09:23 | INFO | CI | DATA_PATH = data
2026-04-05 21:09:23 | INFO | CI | RAW_PATH = data\raw
2026-04-05 21:09:23 | INFO | CI | PROCESSED_PATH = data\processed
2026-04-05 21:09:23 | INFO | CI | ========================
2026-04-05 21:09:23 | INFO | CI | STAGE 01: EXTRACT starting... 
2026-04-05 21:09:23 | INFO | CI | ========================
2026-04-05 21:09:23 | INFO | CI | SOURCE PATH = https://jsonplaceholder.typicode.com/posts
2026-04-05 21:09:23 | INFO | CI | SINK PATH = data\raw\case_raw.json
2026-04-05 21:09:23 | INFO | CI | ========================
2026-04-05 21:09:23 | INFO | CI | STAGE 02: VALIDATE starting...
2026-04-05 21:09:23 | INFO | CI | ========================
2026-04-05 21:09:23 | INFO | CI | JSON STRUCTURE INSPECTION:
2026-04-05 21:09:23 | INFO | CI | Top-level type: list
2026-04-05 21:09:23 | INFO | CI | Keys in first record: ['userId', 'id', 'title', 'body']
2026-04-05 21:09:23 | INFO | CI | Field types:
2026-04-05 21:09:23 | INFO | CI | userId: int
2026-04-05 21:09:23 | INFO | CI | id: int
2026-04-05 21:09:23 | INFO | CI | title: str
2026-04-05 21:09:23 | INFO | CI | body: str
2026-04-05 21:09:23 | INFO | CI | Validation passed.
2026-04-05 21:09:23 | INFO | CI | Sink: validated JSON object
2026-04-05 21:09:23 | INFO | CI | ========================
2026-04-05 21:09:23 | INFO | CI | STAGE 03: TRANSFORM starting...
2026-04-05 21:09:23 | INFO | CI | ========================
2026-04-05 21:09:23 | INFO | CI | Transformation complete.
2026-04-05 21:09:23 | INFO | CI | DataFrame preview:
shape: (5, 8)
┌─────────┬─────────┬──────────────────┬─────────────────┬──────────────┬─────────────┬────────────┬─────────────────┐
│ user_id ┆ post_id ┆ title            ┆ body            ┆ title_length ┆ body_length ┆ word_count ┆ avg_word_length │
│ ---     ┆ ---     ┆ ---              ┆ ---             ┆ ---          ┆ ---         ┆ ---        ┆ ---             │
│ i64     ┆ i64     ┆ str              ┆ str             ┆ u32          ┆ u32         ┆ u64        ┆ f64             │
╞═════════╪═════════╪══════════════════╪═════════════════╪══════════════╪═════════════╪════════════╪═════════════════╡
│ 1       ┆ 1       ┆ sunt aut facere  ┆ quia et         ┆ 74           ┆ 158         ┆ 20         ┆ 7.9             │
│         ┆         ┆ repellat provi…  ┆ suscipit        ┆              ┆             ┆            ┆                 │
│         ┆         ┆                  ┆ suscipit recu…  ┆              ┆             ┆            ┆                 │
│ 1       ┆ 2       ┆ qui est esse     ┆ est rerum       ┆ 12           ┆ 206         ┆ 28         ┆ 7.357143        │
│         ┆         ┆                  ┆ tempore vitae   ┆              ┆             ┆            ┆                 │
│         ┆         ┆                  ┆ sequi …         ┆              ┆             ┆            ┆                 │
│ 1       ┆ 3       ┆ ea molestias     ┆ et iusto sed    ┆ 59           ┆ 164         ┆ 23         ┆ 7.130435        │
│         ┆         ┆ quasi            ┆ quo iure        ┆              ┆             ┆            ┆                 │
│         ┆         ┆ exercitatio…     ┆ voluptat…       ┆              ┆             ┆            ┆                 │
│ 1       ┆ 4       ┆ eum et est       ┆ ullam et saepe  ┆ 20           ┆ 190         ┆ 25         ┆ 7.6             │
│         ┆         ┆ occaecati        ┆ reiciendis      ┆              ┆             ┆            ┆                 │
│         ┆         ┆                  ┆ volu…           ┆              ┆             ┆            ┆                 │
│ 1       ┆ 5       ┆ nesciunt quas    ┆ repudiandae     ┆ 18           ┆ 147         ┆ 20         ┆ 7.35            │
│         ┆         ┆ odio             ┆ veniam quaerat  ┆              ┆             ┆            ┆                 │
│         ┆         ┆                  ┆ sun…            ┆              ┆             ┆            ┆                 │
└─────────┴─────────┴──────────────────┴─────────────────┴──────────────┴─────────────┴────────────┴─────────────────┘
2026-04-05 21:09:23 | INFO | CI | Sink: Polars DataFrame created
2026-04-05 21:09:23 | INFO | CI | ========================
2026-04-05 21:09:23 | INFO | CI | STAGE 04: LOAD starting...
2026-04-05 21:09:23 | INFO | CI | ========================
2026-04-05 21:09:23 | INFO | CI | SINK PATH = data\processed\chastain_processed.csv
2026-04-05 21:09:23 | INFO | CI | ========================
2026-04-05 21:09:23 | INFO | CI | Pipeline executed successfully!
2026-04-05 21:09:23 | INFO | CI | ========================
